0 info it worked if it ends with ok
1 verbose cli [ 'node', '/usr/local/bin/npm', 'install' ]
2 info using npm@1.1.66
3 info using node@v0.8.15
4 verbose read json /Applications/XAMPP/xamppfiles/htdocs/wsk/package.json
5 error install Couldn't read dependencies
6 error Error: No 'name' field
6 error     at validName (/usr/local/lib/node_modules/npm/node_modules/read-package-json/read-json.js:512:40)
6 error     at final (/usr/local/lib/node_modules/npm/node_modules/read-package-json/read-json.js:295:27)
6 error     at /usr/local/lib/node_modules/npm/node_modules/read-package-json/read-json.js:119:33
6 error     at cb (/usr/local/lib/node_modules/npm/node_modules/slide/lib/async-map.js:48:11)
6 error     at /usr/local/lib/node_modules/npm/node_modules/read-package-json/read-json.js:249:40
6 error     at fs.readFile (fs.js:176:14)
6 error     at fs.close (/usr/local/lib/node_modules/npm/node_modules/graceful-fs/graceful-fs.js:90:5)
6 error     at Object.oncomplete (fs.js:297:15)
7 error If you need help, you may report this log at:
7 error     <http://github.com/isaacs/npm/issues>
7 error or email it to:
7 error     <npm-@googlegroups.com>
8 error System Darwin 14.1.0
9 error command "node" "/usr/local/bin/npm" "install"
10 error cwd /Applications/XAMPP/xamppfiles/htdocs/wsk/docs
11 error node -v v0.8.15
12 error npm -v 1.1.66
13 verbose exit [ 1, true ]
